# JRE version: OpenJDK Runtime Environment (8.0_212-b04) (build 1.8.0_212-release-1586-b04)
# Java VM: OpenJDK 64-Bit Server VM (25.212-b04 mixed mode windows-amd64 compressed oops)
Heap:
 PSYoungGen      total 398848K, used 158890K [0x00000000e0000000, 0x00000000fae00000, 0x0000000100000000)
  eden space 372736K, 37% used [0x00000000e0000000,0x00000000e8932e78,0x00000000f6c00000)
  from space 26112K, 70% used [0x00000000f9480000,0x00000000fa677a18,0x00000000fae00000)
  to   space 33792K, 0% used [0x00000000f6c00000,0x00000000f6c00000,0x00000000f8d00000)
 ParOldGen       total 211456K, used 53887K [0x00000000a0000000, 0x00000000ace80000, 0x00000000e0000000)
  object space 211456K, 25% used [0x00000000a0000000,0x00000000a349fe28,0x00000000ace80000)
 Metaspace       used 109366K, capacity 115064K, committed 115712K, reserved 1148928K
  class space    used 14130K, capacity 15198K, committed 15360K, reserved 1048576K
GC Heap History (10 events):
Event: 8902.598 GC heap before
{Heap before GC invocations=21 (full 4):
 PSYoungGen      total 374784K, used 287858K [0x00000000e0000000, 0x00000000f9d80000, 0x0000000100000000)
  eden space 350720K, 78% used [0x00000000e0000000,0x00000000f0b41420,0x00000000f5680000)
  from space 24064K, 58% used [0x00000000f8600000,0x00000000f93db480,0x00000000f9d80000)
  to   space 36352K, 0% used [0x00000000f5680000,0x00000000f5680000,0x00000000f7a00000)
 ParOldGen       total 211456K, used 60724K [0x00000000a0000000, 0x00000000ace80000, 0x00000000e0000000)
  object space 211456K, 28% used [0x00000000a0000000,0x00000000a3b4d3d0,0x00000000ace80000)
 Metaspace       used 103394K, capacity 109596K, committed 109696K, reserved 1144832K
  class space    used 13472K, capacity 14682K, committed 14720K, reserved 1048576K
Event: 8902.610 GC heap after
Heap after GC invocations=21 (full 4):
 PSYoungGen      total 368128K, used 17403K [0x00000000e0000000, 0x00000000f9a80000, 0x0000000100000000)
  eden space 350720K, 0% used [0x00000000e0000000,0x00000000e0000000,0x00000000f5680000)
  from space 17408K, 99% used [0x00000000f5680000,0x00000000f677eea8,0x00000000f6780000)
  to   space 34816K, 0% used [0x00000000f7880000,0x00000000f7880000,0x00000000f9a80000)
 ParOldGen       total 211456K, used 60732K [0x00000000a0000000, 0x00000000ace80000, 0x00000000e0000000)
  object space 211456K, 28% used [0x00000000a0000000,0x00000000a3b4f3d0,0x00000000ace80000)
 Metaspace       used 103394K, capacity 109596K, committed 109696K, reserved 1144832K
  class space    used 13472K, capacity 14682K, committed 14720K, reserved 1048576K
}
Event: 8902.610 GC heap before
{Heap before GC invocations=22 (full 5):
 PSYoungGen      total 368128K, used 17403K [0x00000000e0000000, 0x00000000f9a80000, 0x0000000100000000)
  eden space 350720K, 0% used [0x00000000e0000000,0x00000000e0000000,0x00000000f5680000)
  from space 17408K, 99% used [0x00000000f5680000,0x00000000f677eea8,0x00000000f6780000)
  to   space 34816K, 0% used [0x00000000f7880000,0x00000000f7880000,0x00000000f9a80000)
 ParOldGen       total 211456K, used 60732K [0x00000000a0000000, 0x00000000ace80000, 0x00000000e0000000)
  object space 211456K, 28% used [0x00000000a0000000,0x00000000a3b4f3d0,0x00000000ace80000)
 Metaspace       used 103394K, capacity 109596K, committed 109696K, reserved 1144832K
  class space    used 13472K, capacity 14682K, committed 14720K, reserved 1048576K
Event: 8902.830 GC heap after
Heap after GC invocations=22 (full 5):
 PSYoungGen      total 368128K, used 0K [0x00000000e0000000, 0x00000000f9a80000, 0x0000000100000000)
  eden space 350720K, 0% used [0x00000000e0000000,0x00000000e0000000,0x00000000f5680000)
  from space 17408K, 0% used [0x00000000f5680000,0x00000000f5680000,0x00000000f6780000)
  to   space 34816K, 0% used [0x00000000f7880000,0x00000000f7880000,0x00000000f9a80000)
 ParOldGen       total 211456K, used 53863K [0x00000000a0000000, 0x00000000ace80000, 0x00000000e0000000)
  object space 211456K, 25% used [0x00000000a0000000,0x00000000a3499e28,0x00000000ace80000)
 Metaspace       used 100676K, capacity 105234K, committed 109696K, reserved 1144832K
  class space    used 13026K, capacity 13897K, committed 14720K, reserved 1048576K
}
Event: 8908.851 GC heap before
{Heap before GC invocations=23 (full 5):
 PSYoungGen      total 368128K, used 350720K [0x00000000e0000000, 0x00000000f9a80000, 0x0000000100000000)
  eden space 350720K, 100% used [0x00000000e0000000,0x00000000f5680000,0x00000000f5680000)
  from space 17408K, 0% used [0x00000000f5680000,0x00000000f5680000,0x00000000f6780000)
  to   space 34816K, 0% used [0x00000000f7880000,0x00000000f7880000,0x00000000f9a80000)
 ParOldGen       total 211456K, used 53863K [0x00000000a0000000, 0x00000000ace80000, 0x00000000e0000000)
  object space 211456K, 25% used [0x00000000a0000000,0x00000000a3499e28,0x00000000ace80000)
 Metaspace       used 107398K, capacity 112158K, committed 114304K, reserved 1148928K
  class space    used 13890K, capacity 14763K, committed 15232K, reserved 1048576K
Event: 8908.929 GC heap after
Heap after GC invocations=23 (full 5):
 PSYoungGen      total 382976K, used 28714K [0x00000000e0000000, 0x00000000fc500000, 0x0000000100000000)
  eden space 348160K, 0% used [0x00000000e0000000,0x00000000e0000000,0x00000000f5400000)
  from space 34816K, 82% used [0x00000000f7880000,0x00000000f948a888,0x00000000f9a80000)
  to   space 37376K, 0% used [0x00000000f5400000,0x00000000f5400000,0x00000000f7880000)
 ParOldGen       total 211456K, used 53871K [0x00000000a0000000, 0x00000000ace80000, 0x00000000e0000000)
  object space 211456K, 25% used [0x00000000a0000000,0x00000000a349be28,0x00000000ace80000)
 Metaspace       used 107398K, capacity 112158K, committed 114304K, reserved 1148928K
  class space    used 13890K, capacity 14763K, committed 15232K, reserved 1048576K
}
Event: 9267.550 GC heap before
{Heap before GC invocations=24 (full 5):
 PSYoungGen      total 382976K, used 376874K [0x00000000e0000000, 0x00000000fc500000, 0x0000000100000000)
  eden space 348160K, 100% used [0x00000000e0000000,0x00000000f5400000,0x00000000f5400000)
  from space 34816K, 82% used [0x00000000f7880000,0x00000000f948a888,0x00000000f9a80000)
  to   space 37376K, 0% used [0x00000000f5400000,0x00000000f5400000,0x00000000f7880000)
 ParOldGen       total 211456K, used 53871K [0x00000000a0000000, 0x00000000ace80000, 0x00000000e0000000)
  object space 211456K, 25% used [0x00000000a0000000,0x00000000a349be28,0x00000000ace80000)
 Metaspace       used 108173K, capacity 113258K, committed 114816K, reserved 1148928K
  class space    used 13981K, capacity 14921K, committed 15232K, reserved 1048576K
Event: 9267.563 GC heap after
Heap after GC invocations=24 (full 5):
 PSYoungGen      total 385536K, used 17451K [0x00000000e0000000, 0x00000000fb700000, 0x0000000100000000)
  eden space 348160K, 0% used [0x00000000e0000000,0x00000000e0000000,0x00000000f5400000)
  from space 37376K, 46% used [0x00000000f5400000,0x00000000f650ae08,0x00000000f7880000)
  to   space 35328K, 0% used [0x00000000f9480000,0x00000000f9480000,0x00000000fb700000)
 ParOldGen       total 211456K, used 53879K [0x00000000a0000000, 0x00000000ace80000, 0x00000000e0000000)
  object space 211456K, 25% used [0x00000000a0000000,0x00000000a349de28,0x00000000ace80000)
 Metaspace       used 108173K, capacity 113258K, committed 114816K, reserved 1148928K
  class space    used 13981K, capacity 14921K, committed 15232K, reserved 1048576K
}
Event: 9379.188 GC heap before
{Heap before GC invocations=25 (full 5):
 PSYoungGen      total 385536K, used 365611K [0x00000000e0000000, 0x00000000fb700000, 0x0000000100000000)
  eden space 348160K, 100% used [0x00000000e0000000,0x00000000f5400000,0x00000000f5400000)
  from space 37376K, 46% used [0x00000000f5400000,0x00000000f650ae08,0x00000000f7880000)
  to   space 35328K, 0% used [0x00000000f9480000,0x00000000f9480000,0x00000000fb700000)
 ParOldGen       total 211456K, used 53879K [0x00000000a0000000, 0x00000000ace80000, 0x00000000e0000000)
  object space 211456K, 25% used [0x00000000a0000000,0x00000000a349de28,0x00000000ace80000)
 Metaspace       used 109033K, capacity 114386K, committed 115456K, reserved 1148928K
  class space    used 14087K, capacity 15117K, committed 15360K, reserved 1048576K
Event: 9379.203 GC heap after
Heap after GC invocations=25 (full 5):
 PSYoungGen      total 398848K, used 18398K [0x00000000e0000000, 0x00000000fae00000, 0x0000000100000000)
  eden space 372736K, 0% used [0x00000000e0000000,0x00000000e0000000,0x00000000f6c00000)
  from space 26112K, 70% used [0x00000000f9480000,0x00000000fa677a18,0x00000000fae00000)
  to   space 33792K, 0% used [0x00000000f6c00000,0x00000000f6c00000,0x00000000f8d00000)
 ParOldGen       total 211456K, used 53887K [0x00000000a0000000, 0x00000000ace80000, 0x00000000e0000000)
  object space 211456K, 25% used [0x00000000a0000000,0x00000000a349fe28,0x00000000ace80000)
 Metaspace       used 109033K, capacity 114386K, committed 115456K, reserved 1148928K
  class space    used 14087K, capacity 15117K, committed 15360K, reserved 1048576K
}

